 ⚠ Installing TypeScript as it was not found while loading "next.config.ts".

Installing devDependencies (npm):
- typescript

npm warn ERESOLVE overriding peer dependency
npm warn While resolving: its-fine@2.0.0
npm warn Found: react@18.3.1
npm warn node_modules/react
npm warn   peer react@"^16.8.0 || ^17.0.1 || ^18.0.0 || ^19.0.0 || ^19.0.0-rc" from embla-carousel-react@8.6.0
npm warn   node_modules/embla-carousel-react
npm warn     embla-carousel-react@"^8.6.0" from the root project
npm warn   64 more (react-hook-form, react-dom, react-day-picker, ...)
npm warn
npm warn Could not resolve dependency:
npm warn peer react@"^19.0.0" from its-fine@2.0.0
npm warn node_modules/react-konva/node_modules/its-fine
npm warn   its-fine@"^2.0.0" from react-konva@19.0.7
npm warn   node_modules/react-konva
npm warn
npm warn Conflicting peer dependency: react@19.1.0
npm warn node_modules/react
npm warn   peer react@"^19.0.0" from its-fine@2.0.0
npm warn   node_modules/react-konva/node_modules/its-fine
npm warn     its-fine@"^2.0.0" from react-konva@19.0.7
npm warn     node_modules/react-konva
npm warn ERESOLVE overriding peer dependency
npm warn While resolving: react-reconciler@0.32.0
npm warn Found: react@18.3.1
npm warn node_modules/react
npm warn   peer react@"^16.8.0 || ^17.0.1 || ^18.0.0 || ^19.0.0 || ^19.0.0-rc" from embla-carousel-react@8.6.0
npm warn   node_modules/embla-carousel-react
npm warn     embla-carousel-react@"^8.6.0" from the root project
npm warn   64 more (react-hook-form, react-dom, react-day-picker, ...)
npm warn
npm warn Could not resolve dependency:
npm warn peer react@"^19.1.0" from react-reconciler@0.32.0
npm warn node_modules/react-konva/node_modules/react-reconciler
npm warn   react-reconciler@"0.32.0" from react-konva@19.0.7
npm warn   node_modules/react-konva
npm warn
npm warn Conflicting peer dependency: react@19.1.0
npm warn node_modules/react
npm warn   peer react@"^19.1.0" from react-reconciler@0.32.0
npm warn   node_modules/react-konva/node_modules/react-reconciler
npm warn     react-reconciler@"0.32.0" from react-konva@19.0.7
npm warn     node_modules/react-konva
npm error code ENOTEMPTY
npm error syscall rename
npm error path /mnt/c/Users/wilbe/Desktop/Trae AI WAOK-Schedule/mathminds-app/node_modules/caniuse-lite
npm error dest /mnt/c/Users/wilbe/Desktop/Trae AI WAOK-Schedule/mathminds-app/node_modules/.caniuse-lite-D0jVGYDv
npm error errno -39
npm error ENOTEMPTY: directory not empty, rename '/mnt/c/Users/wilbe/Desktop/Trae AI WAOK-Schedule/mathminds-app/node_modules/caniuse-lite' -> '/mnt/c/Users/wilbe/Desktop/Trae AI WAOK-Schedule/mathminds-app/node_modules/.caniuse-lite-D0jVGYDv'
npm error A complete log of this run can be found in: /home/waok/.npm/_logs/2025-07-21T03_39_12_951Z-debug-0.log
Failed to install TypeScript, please install it manually to continue:
npm install --save-exact --save-dev typescript

node:internal/process/promises:389
      new UnhandledPromiseRejection(reason);
      ^

UnhandledPromiseRejection: This error originated either by throwing inside of an async function without a catch block, or by rejecting a promise which was not handled with .catch(). The promise rejected with the reason "#<Object>".
    at throwUnhandledRejectionsMode (node:internal/process/promises:389:7)
    at processPromiseRejections (node:internal/process/promises:470:17)
    at process.processTicksAndRejections (node:internal/process/task_queues:96:32) {
  code: 'ERR_UNHANDLED_REJECTION'
}

Node.js v20.19.2
